0 info it worked if it ends with ok
1 verbose cli [ 'C:\\Program Files\\nodejs\\node.exe',
1 verbose cli   'C:\\Users\\lzhang\\AppData\\Roaming\\npm\\node_modules\\npm\\bin\\npm-cli.js',
1 verbose cli   'run',
1 verbose cli   'lint' ]
2 info using npm@4.0.2
3 info using node@v6.9.1
4 verbose run-script [ 'prelint', 'lint', 'postlint' ]
5 info lifecycle maplefighter@1.0.0~prelint: maplefighter@1.0.0
6 silly lifecycle maplefighter@1.0.0~prelint: no script for prelint, continuing
7 info lifecycle maplefighter@1.0.0~lint: maplefighter@1.0.0
8 verbose lifecycle maplefighter@1.0.0~lint: unsafe-perm in lifecycle true
9 verbose lifecycle maplefighter@1.0.0~lint: PATH: C:\Users\lzhang\AppData\Roaming\npm\node_modules\npm\bin\node-gyp-bin;C:\Users\lzhang\Desktop\GitHub\maplefighter\node_modules\.bin;C:\Users\lzhang\AppData\Local\GitHub\PortableGit_f02737a78695063deace08e96d5042710d3e32db\cmd;C:\Users\lzhang\AppData\Local\GitHub\PortableGit_f02737a78695063deace08e96d5042710d3e32db\usr\bin;C:\Users\lzhang\AppData\Local\GitHub\PortableGit_f02737a78695063deace08e96d5042710d3e32db\usr\share\git-tfs;C:\Users\lzhang\AppData\Local\Apps\2.0\RJWTGCHB.350\35J7J9GR.BZN\gith..tion_317444273a93ac29_0003.0003_5794af8169eeff14;C:\Users\lzhang\AppData\Local\GitHub\lfs-amd64_1.5.5;C:\ProgramData\Oracle\Java\javapath;C:\Windows\system32;C:\Windows;C:\Windows\System32\Wbem;C:\Windows\System32\WindowsPowerShell\v1.0\;C:\Windows\System32\WindowsPowerShell\v1.0\;C:\Windows\CCM;C:\Program Files\Microsoft SQL Server\120\Tools\Binn\;C:\Users\lzhang\.dnx\bin;C:\Program Files\Microsoft DNX\Dnvm\;C:\Program Files\nodejs\;C:\Windows\System32\WindowsPowerShell\v1.0\;C:\Users\lzhang\AppData\Local\Programs\Python\Python36-32\Scripts\;C:\Users\lzhang\AppData\Local\Programs\Python\Python36-32\;C:\Users\lzhang\AppData\Local\Programs\Python\Launcher\;C:\Users\lzhang\AppData\Local\atom\bin;C:\Program Files\MongoDB\Server\3.2\bin;C:\Users\lzhang\AppData\Local\Android\sdk\tools;C:\Users\lzhang\AppData\Roaming\npm;C:\Program Files (x86)\Microsoft VS Code\bin;C:\Program Files\Docker Toolbox;C:\Program Files\Heroku\bin;C:\Program Files (x86)\MSBuild\14.0\bin\;C:\Program Files (x86)\Microsoft SDKs\Windows\v8.1A\bin\NETFX 4.5.1 Tools\x64
10 verbose lifecycle maplefighter@1.0.0~lint: CWD: C:\Users\lzhang\Desktop\GitHub\maplefighter
11 silly lifecycle maplefighter@1.0.0~lint: Args: [ '/d /s /c', 'eslint . --fix' ]
12 silly lifecycle maplefighter@1.0.0~lint: Returned: code: 1  signal: null
13 info lifecycle maplefighter@1.0.0~lint: Failed to exec lint script
14 verbose stack Error: maplefighter@1.0.0 lint: `eslint . --fix`
14 verbose stack Exit status 1
14 verbose stack     at EventEmitter.<anonymous> (C:\Users\lzhang\AppData\Roaming\npm\node_modules\npm\lib\utils\lifecycle.js:279:16)
14 verbose stack     at emitTwo (events.js:106:13)
14 verbose stack     at EventEmitter.emit (events.js:191:7)
14 verbose stack     at ChildProcess.<anonymous> (C:\Users\lzhang\AppData\Roaming\npm\node_modules\npm\lib\utils\spawn.js:40:14)
14 verbose stack     at emitTwo (events.js:106:13)
14 verbose stack     at ChildProcess.emit (events.js:191:7)
14 verbose stack     at maybeClose (internal/child_process.js:877:16)
14 verbose stack     at Process.ChildProcess._handle.onexit (internal/child_process.js:226:5)
15 verbose pkgid maplefighter@1.0.0
16 verbose cwd C:\Users\lzhang\Desktop\GitHub\maplefighter
17 error Windows_NT 6.1.7601
18 error argv "C:\\Program Files\\nodejs\\node.exe" "C:\\Users\\lzhang\\AppData\\Roaming\\npm\\node_modules\\npm\\bin\\npm-cli.js" "run" "lint"
19 error node v6.9.1
20 error npm  v4.0.2
21 error code ELIFECYCLE
22 error maplefighter@1.0.0 lint: `eslint . --fix`
22 error Exit status 1
23 error Failed at the maplefighter@1.0.0 lint script 'eslint . --fix'.
23 error Make sure you have the latest version of node.js and npm installed.
23 error If you do, this is most likely a problem with the maplefighter package,
23 error not with npm itself.
23 error Tell the author that this fails on your system:
23 error     eslint . --fix
23 error You can get information on how to open an issue for this project with:
23 error     npm bugs maplefighter
23 error Or if that isn't available, you can get their info via:
23 error     npm owner ls maplefighter
23 error There is likely additional logging output above.
24 verbose exit [ 1, true ]
